  Player.cpp
  j1App.cpp
  j1Audio.cpp
j1Audio.cpp(275): warning C4018: '<=': signed/unsigned mismatch
j1Audio.cpp(282): warning C4018: '<=': signed/unsigned mismatch
j1Audio.cpp(289): warning C4018: '<=': signed/unsigned mismatch
j1Audio.cpp(297): warning C4018: '<=': signed/unsigned mismatch
j1Audio.cpp(304): warning C4018: '<=': signed/unsigned mismatch
j1Audio.cpp(311): warning C4018: '<=': signed/unsigned mismatch
j1Audio.cpp(319): warning C4018: '<=': signed/unsigned mismatch
j1Audio.cpp(326): warning C4018: '<=': signed/unsigned mismatch
j1Audio.cpp(333): warning C4018: '<=': signed/unsigned mismatch
j1Audio.cpp(342): warning C4018: '<=': signed/unsigned mismatch
j1Audio.cpp(349): warning C4018: '<=': signed/unsigned mismatch
j1Audio.cpp(356): warning C4018: '<=': signed/unsigned mismatch
  j1Scene.cpp
j1Scene.cpp(81): warning C4101: 'y': unreferenced local variable
j1Scene.cpp(81): warning C4101: 'x': unreferenced local variable
  j2EntityManager.cpp
  Generating code
  2 of 658 functions ( 0.3%) were compiled, the rest were copied from previous compilation.
    0 functions were new in current compilation
    3 functions had inline decision re-evaluated but remain unchanged
  Finished generating code
  Motor2D.vcxproj -> C:\Users\Usuario\Documents\GitHub\Audio_Manager-Spatial_Sound-Research\full_code\Release\Audio_Manager-Spatial_Audio.exe
